SF:lib/core/failure/failure.dart
DA:3,7
DA:7,5
DA:11,4
DA:12,0
LF:4
LH:3
end_of_record
SF:lib/core/networkInfo/networkinfo.dart
DA:10,0
DA:13,0
DA:14,0
LF:3
LH:0
end_of_record
SF:lib/features/home_page/data/datasources/image_data_source.dart
DA:15,1
DA:17,1
DA:19,2
DA:20,2
DA:21,2
DA:22,2
DA:23,1
DA:25,3
DA:26,2
DA:33,1
DA:34,1
DA:37,1
DA:40,1
DA:41,2
DA:42,2
DA:43,3
DA:45,2
DA:46,1
DA:47,1
DA:49,1
DA:50,2
LF:21
LH:21
end_of_record
SF:lib/features/home_page/data/repositories/image_repository_impl.dart
DA:14,1
DA:16,1
DA:18,2
DA:20,2
DA:21,1
DA:22,1
DA:23,4
DA:24,1
DA:25,4
LF:9
LH:9
end_of_record
SF:lib/features/home_page/data/models/image_artifact_model.dart
DA:8,6
DA:13,2
DA:14,2
DA:16,2
DA:18,1
DA:19,3
LF:6
LH:6
end_of_record
SF:lib/features/home_page/data/models/image_artifact_model.g.dart
DA:9,2
DA:10,2
DA:11,2
DA:12,2
DA:15,1
DA:16,1
DA:17,1
DA:18,1
LF:8
LH:8
end_of_record
SF:lib/features/home_page/domain/entities/image_entity.dart
DA:4,6
LF:1
LH:1
end_of_record
SF:lib/features/service/firebase_remote_config.dart
DA:13,0
DA:15,0
DA:17,0
DA:18,0
DA:23,0
DA:26,0
DA:28,0
DA:31,0
DA:33,0
DA:36,0
DA:38,0
LF:11
LH:0
end_of_record
SF:lib/features/home_page/domain/usecases/image_usecase.dart
DA:8,1
DA:9,1
DA:11,2
LF:3
LH:3
end_of_record
SF:lib/features/home_page/presentation/cubit/home_page_state.dart
DA:5,3
DA:7,1
DA:8,1
DA:16,2
DA:21,3
LF:5
LH:5
end_of_record
SF:lib/features/home_page/presentation/cubit/home_page_cubit.dart
DA:16,3
DA:19,1
DA:20,2
DA:22,2
DA:23,1
DA:24,0
DA:25,0
DA:26,1
DA:27,2
DA:28,1
DA:30,1
DA:31,3
DA:35,1
DA:36,1
DA:37,2
DA:38,2
DA:40,2
DA:41,2
DA:42,1
DA:45,1
DA:46,2
DA:48,2
DA:49,2
DA:51,1
DA:54,1
DA:56,2
DA:59,0
DA:60,0
DA:61,0
DA:64,0
DA:65,0
DA:67,0
LF:32
LH:24
end_of_record
