SF:lib/core/failure/failure.dart
DA:3,1
DA:7,1
DA:11,0
DA:12,0
LF:4
LH:2
end_of_record
SF:lib/features/home_page/data/models/image_artifact_model.dart
DA:7,1
DA:12,0
DA:13,0
LF:3
LH:1
end_of_record
SF:lib/features/home_page/data/models/image_artifact_model.g.dart
DA:9,0
DA:10,0
DA:11,0
DA:12,0
LF:4
LH:0
end_of_record
SF:lib/features/home_page/domain/usecases/image_usecase.dart
DA:8,0
DA:9,0
DA:11,0
LF:3
LH:0
end_of_record
SF:lib/features/home_page/presentation/cubit/home_page_state.dart
DA:5,3
DA:7,1
DA:8,1
DA:16,2
DA:21,3
LF:5
LH:5
end_of_record
SF:lib/features/home_page/presentation/cubit/home_page_cubit.dart
DA:17,3
DA:20,1
DA:21,2
DA:23,2
DA:25,1
DA:26,1
DA:27,2
DA:28,1
DA:30,1
DA:31,3
DA:35,1
DA:36,1
DA:37,2
DA:39,2
DA:40,2
DA:41,2
DA:42,1
DA:45,1
DA:46,2
DA:48,2
DA:49,2
DA:51,1
DA:54,1
DA:57,2
DA:60,0
DA:61,0
DA:62,0
DA:65,0
DA:66,0
DA:68,0
LF:30
LH:24
end_of_record
SF:lib/features/home_page/data/datasources/image_data_source.dart
DA:8,0
DA:9,0
DA:10,0
DA:18,0
DA:22,0
DA:24,0
DA:26,0
DA:27,0
DA:34,0
DA:35,0
DA:38,0
DA:39,0
DA:41,0
DA:42,0
DA:43,0
DA:44,0
DA:46,0
DA:47,0
DA:48,0
DA:50,0
DA:51,0
LF:21
LH:0
end_of_record
SF:lib/features/home_page/domain/entities/image_entity.dart
DA:4,1
LF:1
LH:1
end_of_record
